<?xml version="1.0" encoding="UTF-8"?>
<!-- Generated by org.testng.reporters.JUnitXMLReporter -->
<testsuite hostname="DESKTOP-PPO8L1H" ignored="1" name="Test" tests="2" failures="1" timestamp="2019-10-27T10:17:51 IST" time="0.212" errors="0">
  <testcase name="failedTest" time="0.035" classname="testcases.TestDemoListener">
    <failure type="java.lang.AssertionError" message="did not expect to find [false] but found [true]">
      <![CDATA[java.lang.AssertionError: did not expect to find [false] but found [true]
at testcases.TestDemoListener.failedTest(TestDemoListener.java:15)
at java.util.ArrayList.forEach(Unknown Source)
... Removed 31 stack frames]]>
    </failure>
  </testcase> <!-- failedTest -->
  <testcase name="passTest" time="0.003" classname="testcases.TestDemoListener"/>
  <testcase name="skipedTest" time="0.0" classname="testcases.TestDemoListener">
    <ignored/>
  </testcase> <!-- skipedTest -->
</testsuite> <!-- Test -->
